0 info it worked if it ends with ok
1 verbose cli [ 'node', '/usr/local/bin/npm', 'install', '-g', 'autosave' ]
2 info using npm@1.1.33
3 info using node@v0.8.1
4 verbose config file /Users/zacharywade/.npmrc
5 verbose config file /usr/local/etc/npmrc
6 verbose config file /usr/local/lib/node_modules/npm/npmrc
7 verbose read json /usr/local/lib/package.json
8 verbose read json /usr/local/lib/package.json
9 verbose cache add [ 'autosave', null ]
10 silly cache add name=undefined spec="autosave" args=["autosave",null]
11 verbose parsed url { pathname: 'autosave', path: 'autosave', href: 'autosave' }
12 verbose lock autosave /Users/zacharywade/.npm/20aa73aab64b5a0de7eafb3f7e8f6a765199f873-autosave.lock
13 verbose addNamed [ 'autosave', '' ]
14 verbose addNamed [ null, '' ]
15 verbose lock autosave@ /Users/zacharywade/.npm/31f871896d1a947a2ffb2f34f80f16d9d1e5f13e-autosave-.lock
16 silly addNameRange { name: 'autosave', range: '', hasData: false }
17 verbose url raw autosave
18 verbose url resolving [ 'https://registry.npmjs.org/', './autosave' ]
19 verbose url resolved https://registry.npmjs.org/autosave
20 info retry registry request attempt 1 at 22:57:29
21 http GET https://registry.npmjs.org/autosave
22 http 200 https://registry.npmjs.org/autosave
23 silly registry.get cb [ 200,
23 silly registry.get   { vary: 'Accept',
23 silly registry.get     server: 'CouchDB/1.2.1 (Erlang OTP/R15B)',
23 silly registry.get     etag: '"ECUK70PT0IGI6H1BGFOMBYKMP"',
23 silly registry.get     date: 'Mon, 21 Jan 2013 03:55:57 GMT',
23 silly registry.get     'content-type': 'application/json',
23 silly registry.get     'content-length': '13124' } ]
24 silly addNameRange number 2 { name: 'autosave', range: '', hasData: true }
25 silly addNameRange versions [ 'autosave',
25 silly addNameRange   [ '0.1.0',
25 silly addNameRange     '0.2.0',
25 silly addNameRange     '0.2.1',
25 silly addNameRange     '0.2.2',
25 silly addNameRange     '0.2.3',
25 silly addNameRange     '0.3.0',
25 silly addNameRange     '0.3.1',
25 silly addNameRange     '0.3.2',
25 silly addNameRange     '1.0.0',
25 silly addNameRange     '1.0.1',
25 silly addNameRange     '1.0.2',
25 silly addNameRange     '1.0.3' ] ]
26 verbose addNamed [ 'autosave', '1.0.3' ]
27 verbose addNamed [ '1.0.3', '1.0.3' ]
28 verbose lock autosave@1.0.3 /Users/zacharywade/.npm/c7af09659c47e36bd8d14bc36abd82cb3d42db25-autosave-1-0-3.lock
29 verbose lock https://registry.npmjs.org/autosave/-/autosave-1.0.3.tgz /Users/zacharywade/.npm/44e401be46ceaedcd5a804a9e263fa1534d82747-https-registry-npmjs-org-autosave-autosave-1-0-3-tgz.lock
30 verbose addRemoteTarball [ 'https://registry.npmjs.org/autosave/-/autosave-1.0.3.tgz',
30 verbose addRemoteTarball   '212bb1c41f5a9a427679610335e0a21858ab07d0' ]
31 info retry fetch attempt 1 at 22:57:30
32 verbose fetch to= /var/folders/88/0fym40cj48s1ypw_792nf6kc0000gn/T/npm-50979/1358740650746-0.6417048196308315/tmp.tgz
33 http GET https://registry.npmjs.org/autosave/-/autosave-1.0.3.tgz
34 http 200 https://registry.npmjs.org/autosave/-/autosave-1.0.3.tgz
35 silly shasum updated bytes 21930
36 info shasum 212bb1c41f5a9a427679610335e0a21858ab07d0
36 info shasum /var/folders/88/0fym40cj48s1ypw_792nf6kc0000gn/T/npm-50979/1358740650746-0.6417048196308315/tmp.tgz
37 verbose tar unpack /var/folders/88/0fym40cj48s1ypw_792nf6kc0000gn/T/npm-50979/1358740650746-0.6417048196308315/tmp.tgz
38 silly gunzTarPerm modes [ '755', '644' ]
39 silly gunzTarPerm extractEntry package.json
40 silly gunzTarPerm extractEntry diff_match_patch.js
41 silly gunzTarPerm extractEntry index.js
42 silly gunzTarPerm extractEntry bin/autosave
43 silly gunzTarPerm extractEntry README.mdown
44 silly gunzTarPerm extractEntry scripts/install.js
45 silly gunzTarPerm extractEntry scripts/autosave.conf
46 silly gunzTarPerm extractEntry scripts/autostart.sh
47 silly gunzTarPerm extractEntry scripts/com.chrome.devtools.autosave.launchd.plist
48 verbose read json /var/folders/88/0fym40cj48s1ypw_792nf6kc0000gn/T/npm-50979/1358740650746-0.6417048196308315/package/package.json
49 verbose from cache /var/folders/88/0fym40cj48s1ypw_792nf6kc0000gn/T/npm-50979/1358740650746-0.6417048196308315/package/package.json
50 verbose tar pack [ '/Users/zacharywade/.npm/autosave/1.0.3/package.tgz',
50 verbose tar pack   '/var/folders/88/0fym40cj48s1ypw_792nf6kc0000gn/T/npm-50979/1358740650746-0.6417048196308315/package' ]
51 verbose tarball /Users/zacharywade/.npm/autosave/1.0.3/package.tgz
52 verbose folder /var/folders/88/0fym40cj48s1ypw_792nf6kc0000gn/T/npm-50979/1358740650746-0.6417048196308315/package
53 verbose tar unpack /Users/zacharywade/.npm/autosave/1.0.3/package.tgz
54 silly gunzTarPerm modes [ '755', '644' ]
55 silly gunzTarPerm extractEntry package.json
56 silly gunzTarPerm extractEntry diff_match_patch.js
57 silly gunzTarPerm extractEntry index.js
58 silly gunzTarPerm extractEntry bin/autosave
59 silly gunzTarPerm extractEntry README.mdown
60 silly gunzTarPerm extractEntry scripts/install.js
61 silly gunzTarPerm extractEntry scripts/autosave.conf
62 silly gunzTarPerm extractEntry scripts/autostart.sh
63 silly gunzTarPerm extractEntry scripts/com.chrome.devtools.autosave.launchd.plist
64 verbose read json /Users/zacharywade/.npm/autosave/1.0.3/package/package.json
65 silly shasum updated bytes 21930
66 info shasum 212bb1c41f5a9a427679610335e0a21858ab07d0
66 info shasum /Users/zacharywade/.npm/autosave/1.0.3/package.tgz
67 verbose from cache /Users/zacharywade/.npm/autosave/1.0.3/package/package.json
68 verbose chmod /Users/zacharywade/.npm/autosave/1.0.3/package.tgz 644
69 verbose chown /Users/zacharywade/.npm/autosave/1.0.3/package.tgz [ 501, 20 ]
70 silly resolved [ { name: 'autosave',
70 silly resolved     version: '1.0.3',
70 silly resolved     description: 'A server for Chrome Devtools Autosave (https://github.com/NV/chrome-devtools-autosave)',
70 silly resolved     keywords: [ 'devtools' ],
70 silly resolved     bin: { autosave: './bin/autosave' },
70 silly resolved     scripts:
70 silly resolved      { autostart: './scripts/autostart.sh',
70 silly resolved        install: 'node ./scripts/install.js' },
70 silly resolved     preferGlobal: true,
70 silly resolved     author: { name: 'Nikita Vasilyev', email: 'me@elv1s.ru' },
70 silly resolved     main: 'index',
70 silly resolved     engines: { node: '>= 0.4.x' },
70 silly resolved     repository:
70 silly resolved      { type: 'git',
70 silly resolved        url: 'git://github.com/NV/chrome-devtools-autosave-server.git' },
70 silly resolved     bugs: { url: 'https://github.com/NV/chrome-devtools-autosave-server/issues' },
70 silly resolved     dependencies: { commander: '0.5.x' },
70 silly resolved     readme: 'A server for **[chrome-devtools-autosave](https://github.com/NV/chrome-devtools-autosave)**.\n\n## Installation\n\n1. Install [Node.js](http://nodejs.org/)\n2. Open a terminal (Terminal.app on Mac OS X, cmd.exe on Windows)\n3. Run `npm install -g autosave`\n\n> It fails with "Error: EACCES, permission denied". What should I do?\n\nRun the same command as an administrator. On Mac OS X and Linux it would be `sudo npm install -g autosave`.\n\n## Usage\n\nRun `autosave` in the terminal.\nYou should see something like "DevTools Autosave is running on http://127.0.0.1:9104".\n\n> It doesn’t work on Windows. I’m having `\'autosave\' is not recognized as an internal or external command`\n\nHave you tried turn it it off and on again? Seriously, restart the system.\n\n## Run on OS launch\n\nIt might be annoying to open a terminal and type "autosave↵" every time you need to run Autosave. On Mac OS X and Ubuntu you can run Autosave on OS launch as a <a href="http://en.wikipedia.org/wiki/Daemon_(computing)">daemon</a>. To do so run:\n\n    npm run-script -g autosave autostart\n\nIt is [not yet available](https://github.com/NV/chrome-devtools-autosave-server/issues/9) on other operation systems.\n',
70 silly resolved     _id: 'autosave@1.0.3',
70 silly resolved     dist: { shasum: '212bb1c41f5a9a427679610335e0a21858ab07d0' },
70 silly resolved     _from: 'autosave' } ]
71 info install autosave@1.0.3 into /usr/local/lib
72 info installOne autosave@1.0.3
73 verbose from cache /Users/zacharywade/.npm/autosave/1.0.3/package/package.json
74 info /usr/local/lib/node_modules/autosave unbuild
75 verbose read json /usr/local/lib/node_modules/autosave/package.json
76 verbose tar unpack /Users/zacharywade/.npm/autosave/1.0.3/package.tgz
77 silly gunzTarPerm modes [ '755', '644' ]
78 error Error: EACCES, mkdir '/usr/local/lib/node_modules/autosave'
78 error  { [Error: EACCES, mkdir '/usr/local/lib/node_modules/autosave']
78 error   errno: 3,
78 error   code: 'EACCES',
78 error   path: '/usr/local/lib/node_modules/autosave',
78 error   fstream_type: 'Directory',
78 error   fstream_path: '/usr/local/lib/node_modules/autosave',
78 error   fstream_class: 'DirWriter',
78 error   fstream_stack:
78 error    [ 'DirWriter._create (/usr/local/lib/node_modules/npm/node_modules/fstream/lib/dir-writer.js:36:23)',
78 error      '/usr/local/lib/node_modules/npm/node_modules/mkdirp/index.js:51:17',
78 error      'Object.oncomplete (fs.js:297:15)' ] }
79 error Please try running this command again as root/Administrator.
80 error System Darwin 11.4.0
81 error command "node" "/usr/local/bin/npm" "install" "-g" "autosave"
82 error cwd /Users/zacharywade/wifikeyboard/WifiJoy/assets
83 error node -v v0.8.1
84 error npm -v 1.1.33
85 error path /usr/local/lib/node_modules/autosave
86 error fstream_path /usr/local/lib/node_modules/autosave
87 error fstream_type Directory
88 error fstream_class DirWriter
89 error code EACCES
90 error message EACCES, mkdir '/usr/local/lib/node_modules/autosave'
91 error errno 3
92 error fstream_stack DirWriter._create (/usr/local/lib/node_modules/npm/node_modules/fstream/lib/dir-writer.js:36:23)
92 error fstream_stack /usr/local/lib/node_modules/npm/node_modules/mkdirp/index.js:51:17
92 error fstream_stack Object.oncomplete (fs.js:297:15)
93 error 3 errno
94 verbose exit [ 3, true ]
